<?xml version="1.0" encoding="UTF-8"?>
<!-- Generated by org.testng.reporters.JUnitXMLReporter -->
<testsuite ignored="1" hostname="Lenovo-PC" failures="0" tests="5" name="Default test" time="0.132" errors="0" timestamp="2023-06-22T17:48:24 PDT">
  <testcase classname="testNG_demo.TestScenario2" name="fifth_testcase" time="0.013"/>
  <testcase classname="testNG_demo.TestScenario2" name="first_testcase" time="0.002"/>
  <testcase classname="testNG_demo.TestScenario2" name="fourth_testcase" time="0.003"/>
  <testcase classname="testNG_demo.TestScenario2" name="second_testcase" time="0.01"/>
  <testcase classname="testNG_demo.TestScenario2" name="sixth_testcase" time="0.002"/>
  <testcase classname="testNG_demo.TestScenario2" name="third_testcase" time="0.0">
    <ignored/>
  </testcase> <!-- third_testcase -->
</testsuite> <!-- Default test -->
