<?xml version="1.0" encoding="UTF-8"?>
<testng-results ignored="0" total="5" passed="5" failed="0" skipped="0">
  <reporter-output>
  </reporter-output>
  <suite started-at="2023-06-22T17:48:24 PDT" name="Default suite" finished-at="2023-06-22T17:48:24 PDT" duration-ms="132">
    <groups>
    </groups>
    <test started-at="2023-06-22T17:48:24 PDT" name="Default test" finished-at="2023-06-22T17:48:24 PDT" duration-ms="132">
      <class name="testNG_demo.TestScenario2">
        <test-method signature="fifth_testcase()[pri:0, instance:testNG_demo.TestScenario2@7fee8714]" started-at="2023-06-22T17:48:24 PDT" name="fifth_testcase" finished-at="2023-06-22T17:48:24 PDT" duration-ms="13" status="PASS">
          <reporter-output>
          </reporter-output>
        </test-method> <!-- fifth_testcase -->
        <test-method signature="first_testcase()[pri:0, instance:testNG_demo.TestScenario2@7fee8714]" started-at="2023-06-22T17:48:24 PDT" name="first_testcase" finished-at="2023-06-22T17:48:24 PDT" duration-ms="2" status="PASS">
          <reporter-output>
          </reporter-output>
        </test-method> <!-- first_testcase -->
        <test-method signature="fourth_testcase()[pri:0, instance:testNG_demo.TestScenario2@7fee8714]" started-at="2023-06-22T17:48:24 PDT" name="fourth_testcase" finished-at="2023-06-22T17:48:24 PDT" duration-ms="3" status="PASS">
          <reporter-output>
          </reporter-output>
        </test-method> <!-- fourth_testcase -->
        <test-method signature="second_testcase()[pri:0, instance:testNG_demo.TestScenario2@7fee8714]" started-at="2023-06-22T17:48:24 PDT" name="second_testcase" finished-at="2023-06-22T17:48:24 PDT" duration-ms="10" status="PASS">
          <reporter-output>
          </reporter-output>
        </test-method> <!-- second_testcase -->
        <test-method signature="sixth_testcase()[pri:0, instance:testNG_demo.TestScenario2@7fee8714]" started-at="2023-06-22T17:48:24 PDT" name="sixth_testcase" finished-at="2023-06-22T17:48:24 PDT" duration-ms="2" status="PASS">
          <reporter-output>
          </reporter-output>
        </test-method> <!-- sixth_testcase -->
      </class> <!-- testNG_demo.TestScenario2 -->
    </test> <!-- Default test -->
  </suite> <!-- Default suite -->
</testng-results>
